<?xml version="1.0" encoding="UTF-8"?>
<!-- Generated by org.testng.reporters.JUnitReportReporter -->
<testsuite hostname="RadhekrishnaLap" failures="0" tests="1" name="com.letskodeit.testclasses.AllCoursesTests" time="18.632" errors="0" timestamp="11 Dec 2019 05:37:10 GMT" skipped="0">
  <testcase classname="com.letskodeit.testclasses.AllCoursesTests" name="verifySearchCourse" time="18.632"/>
</testsuite> <!-- com.letskodeit.testclasses.AllCoursesTests -->
