<?xml version="1.0" encoding="UTF-8"?>
<!-- Generated by org.testng.reporters.JUnitReportReporter -->
<testsuite hostname="RadhekrishnaLap" failures="0" tests="1" name="com.letskodeit.overview.LoginTests" time="9.153" errors="0" timestamp="08 Dec 2019 06:05:28 GMT" skipped="0">
  <testcase classname="com.letskodeit.overview.LoginTests" name="testLogin" time="9.153"/>
</testsuite> <!-- com.letskodeit.overview.LoginTests -->
